<?xml version="1.0" encoding="UTF-8"?>
<!-- Generated by org.testng.reporters.JUnitReportReporter -->
<testsuite hostname="MSI" failures="0" tests="1" name="testcases.Testcase3" time="13.892" errors="0" timestamp="26 Jul 2022 16:34:52 GMT">
  <testcase classname="testcases.Testcase3" name="testcase3" time="13.892"/>
</testsuite> <!-- testcases.Testcase3 -->
