<?xml version="1.0" encoding="UTF-8"?>
<!-- Generated by org.testng.reporters.JUnitReportReporter -->
<testsuite hostname="MSI" failures="0" tests="1" name="testcases.Credentials" time="6.498" errors="0" timestamp="26 Jul 2022 16:31:48 GMT">
  <testcase classname="testcases.Credentials" name="Testcase1" time="6.498"/>
</testsuite> <!-- testcases.Credentials -->
