<?xml version="1.0" encoding="UTF-8"?>
<!-- Generated by org.testng.reporters.JUnitReportReporter -->
<testsuite hostname="MSI" failures="0" tests="1" name="testcases.Testcase1" time="6.517" errors="0" timestamp="26 Jul 2022 16:34:52 GMT">
  <testcase classname="testcases.Testcase1" name="testcase1" time="6.517"/>
</testsuite> <!-- testcases.Testcase1 -->
