<?xml version="1.0" encoding="UTF-8"?>
<!-- Generated by org.testng.reporters.JUnitReportReporter -->
<testsuite hostname="MSI" failures="0" tests="1" name="testcases.Testcase2" time="8.730" errors="0" timestamp="26 Jul 2022 16:34:52 GMT">
  <testcase classname="testcases.Testcase2" name="testcase2" time="8.730"/>
</testsuite> <!-- testcases.Testcase2 -->
